c:\--mine\my files\uni\y3\cg\- assign 1\data\assignment1-2021\assignment1-2021\template\raatext\x64\debug\raatextd.pch
c:\--mine\my files\uni\y3\cg\- assign 1\data\assignment1-2021\assignment1-2021\template\x64\debug\raatextd.pdb
c:\--mine\my files\uni\y3\cg\- assign 1\data\assignment1-2021\assignment1-2021\template\x64\debug\raatextd.idb
c:\--mine\my files\uni\y3\cg\- assign 1\data\assignment1-2021\assignment1-2021\template\raatext\x64\debug\stdafx.obj
c:\--mine\my files\uni\y3\cg\- assign 1\data\assignment1-2021\assignment1-2021\template\raatext\x64\debug\raatext.obj
c:\--mine\my files\uni\y3\cg\- assign 1\stuff for submission 1\assignment1-2021\template\raatext\x64\debug\raatextd.pch
c:\--mine\my files\uni\y3\cg\- assign 1\stuff for submission 1\assignment1-2021\template\x64\debug\raatextd.pdb
c:\--mine\my files\uni\y3\cg\- assign 1\stuff for submission 1\assignment1-2021\template\x64\debug\raatextd.idb
c:\--mine\my files\uni\y3\cg\- assign 1\stuff for submission 1\assignment1-2021\template\raatext\x64\debug\stdafx.obj
c:\--mine\my files\uni\y3\cg\- assign 1\stuff for submission 1\assignment1-2021\template\raatext\x64\debug\raatext.obj
c:\--mine\my files\uni\y3\cg\- assign 1\stuff for submission 1\travis_jack\template\raatext\x64\debug\raatextd.pch
c:\--mine\my files\uni\y3\cg\- assign 1\stuff for submission 1\travis_jack\template\x64\debug\raatextd.pdb
c:\--mine\my files\uni\y3\cg\- assign 1\stuff for submission 1\travis_jack\template\x64\debug\raatextd.idb
c:\--mine\my files\uni\y3\cg\- assign 1\stuff for submission 1\travis_jack\template\raatext\x64\debug\stdafx.obj
c:\--mine\my files\uni\y3\cg\- assign 1\stuff for submission 1\travis_jack\template\raatext\x64\debug\raatext.obj
c:\--mine\my files\uni\y3\cg\- assign 1\data\assignment1-2021\assignment1-2021\template\x64\debug\raatextd.lib
c:\--mine\my files\uni\y3\cg\- assign 1\stuff for submission 1\assignment1-2021\template\x64\debug\raatextd.lib
c:\--mine\my files\uni\y3\cg\- assign 1\stuff for submission 1\travis_jack\template\x64\debug\raatextd.lib
c:\--mine\my files\uni\y3\cg\- assign 1\stuff for submission 1\travis_jack\template\raatext\x64\debug\raatext.tlog\cl.command.1.tlog
c:\--mine\my files\uni\y3\cg\- assign 1\stuff for submission 1\travis_jack\template\raatext\x64\debug\raatext.tlog\cl.read.1.tlog
c:\--mine\my files\uni\y3\cg\- assign 1\stuff for submission 1\travis_jack\template\raatext\x64\debug\raatext.tlog\cl.write.1.tlog
c:\--mine\my files\uni\y3\cg\- assign 1\stuff for submission 1\travis_jack\template\raatext\x64\debug\raatext.tlog\lib-link.read.1.tlog
c:\--mine\my files\uni\y3\cg\- assign 1\stuff for submission 1\travis_jack\template\raatext\x64\debug\raatext.tlog\lib-link.write.1.tlog
c:\--mine\my files\uni\y3\cg\- assign 1\stuff for submission 1\travis_jack\template\raatext\x64\debug\raatext.tlog\lib.command.1.tlog
