c:\--mine\my files\uni\y3\cg\- assign 1\data\assignment1-2021\assignment1-2021\template\raamaths\x64\debug\raamathsd.pch
c:\--mine\my files\uni\y3\cg\- assign 1\data\assignment1-2021\assignment1-2021\template\x64\debug\raamathsd.pdb
c:\--mine\my files\uni\y3\cg\- assign 1\data\assignment1-2021\assignment1-2021\template\x64\debug\raamathsd.idb
c:\--mine\my files\uni\y3\cg\- assign 1\data\assignment1-2021\assignment1-2021\template\raamaths\x64\debug\stdafx.obj
c:\--mine\my files\uni\y3\cg\- assign 1\data\assignment1-2021\assignment1-2021\template\raamaths\x64\debug\raavector.obj
c:\--mine\my files\uni\y3\cg\- assign 1\data\assignment1-2021\assignment1-2021\template\raamaths\x64\debug\raamatrix.obj
c:\--mine\my files\uni\y3\cg\- assign 1\data\assignment1-2021\assignment1-2021\template\raamaths\x64\debug\raamaths.obj
c:\--mine\my files\uni\y3\cg\- assign 1\stuff for submission 1\assignment1-2021\template\raamaths\x64\debug\raamathsd.pch
c:\--mine\my files\uni\y3\cg\- assign 1\stuff for submission 1\assignment1-2021\template\x64\debug\raamathsd.pdb
c:\--mine\my files\uni\y3\cg\- assign 1\stuff for submission 1\assignment1-2021\template\x64\debug\raamathsd.idb
c:\--mine\my files\uni\y3\cg\- assign 1\stuff for submission 1\assignment1-2021\template\raamaths\x64\debug\stdafx.obj
c:\--mine\my files\uni\y3\cg\- assign 1\stuff for submission 1\assignment1-2021\template\raamaths\x64\debug\raavector.obj
c:\--mine\my files\uni\y3\cg\- assign 1\stuff for submission 1\assignment1-2021\template\raamaths\x64\debug\raamatrix.obj
c:\--mine\my files\uni\y3\cg\- assign 1\stuff for submission 1\assignment1-2021\template\raamaths\x64\debug\raamaths.obj
c:\--mine\my files\uni\y3\cg\- assign 1\stuff for submission 1\travis_jack\template\raamaths\x64\debug\raamathsd.pch
c:\--mine\my files\uni\y3\cg\- assign 1\stuff for submission 1\travis_jack\template\x64\debug\raamathsd.pdb
c:\--mine\my files\uni\y3\cg\- assign 1\stuff for submission 1\travis_jack\template\x64\debug\raamathsd.idb
c:\--mine\my files\uni\y3\cg\- assign 1\stuff for submission 1\travis_jack\template\raamaths\x64\debug\stdafx.obj
c:\--mine\my files\uni\y3\cg\- assign 1\stuff for submission 1\travis_jack\template\raamaths\x64\debug\raavector.obj
c:\--mine\my files\uni\y3\cg\- assign 1\stuff for submission 1\travis_jack\template\raamaths\x64\debug\raamatrix.obj
c:\--mine\my files\uni\y3\cg\- assign 1\stuff for submission 1\travis_jack\template\raamaths\x64\debug\raamaths.obj
c:\--mine\my files\uni\y3\cg\- assign 1\data\assignment1-2021\assignment1-2021\template\x64\debug\raamathsd.lib
c:\--mine\my files\uni\y3\cg\- assign 1\stuff for submission 1\assignment1-2021\template\x64\debug\raamathsd.lib
c:\--mine\my files\uni\y3\cg\- assign 1\stuff for submission 1\travis_jack\template\x64\debug\raamathsd.lib
c:\--mine\my files\uni\y3\cg\- assign 1\stuff for submission 1\travis_jack\template\raamaths\x64\debug\raamaths.tlog\cl.command.1.tlog
c:\--mine\my files\uni\y3\cg\- assign 1\stuff for submission 1\travis_jack\template\raamaths\x64\debug\raamaths.tlog\cl.read.1.tlog
c:\--mine\my files\uni\y3\cg\- assign 1\stuff for submission 1\travis_jack\template\raamaths\x64\debug\raamaths.tlog\cl.write.1.tlog
c:\--mine\my files\uni\y3\cg\- assign 1\stuff for submission 1\travis_jack\template\raamaths\x64\debug\raamaths.tlog\lib-link.read.1.tlog
c:\--mine\my files\uni\y3\cg\- assign 1\stuff for submission 1\travis_jack\template\raamaths\x64\debug\raamaths.tlog\lib-link.write.1.tlog
c:\--mine\my files\uni\y3\cg\- assign 1\stuff for submission 1\travis_jack\template\raamaths\x64\debug\raamaths.tlog\lib.command.1.tlog
