c:\--mine\my files\uni\y3\cg\- assign 1\data\assignment1-2021\assignment1-2021\template\raacamera\x64\debug\raacamerad.pch
c:\--mine\my files\uni\y3\cg\- assign 1\data\assignment1-2021\assignment1-2021\template\x64\debug\raacamerad.pdb
c:\--mine\my files\uni\y3\cg\- assign 1\data\assignment1-2021\assignment1-2021\template\x64\debug\raacamerad.idb
c:\--mine\my files\uni\y3\cg\- assign 1\data\assignment1-2021\assignment1-2021\template\raacamera\x64\debug\stdafx.obj
c:\--mine\my files\uni\y3\cg\- assign 1\data\assignment1-2021\assignment1-2021\template\raacamera\x64\debug\raacamera.obj
c:\--mine\my files\uni\y3\cg\- assign 1\stuff for submission 1\assignment1-2021\template\raacamera\x64\debug\raacamerad.pch
c:\--mine\my files\uni\y3\cg\- assign 1\stuff for submission 1\assignment1-2021\template\x64\debug\raacamerad.pdb
c:\--mine\my files\uni\y3\cg\- assign 1\stuff for submission 1\assignment1-2021\template\x64\debug\raacamerad.idb
c:\--mine\my files\uni\y3\cg\- assign 1\stuff for submission 1\assignment1-2021\template\raacamera\x64\debug\stdafx.obj
c:\--mine\my files\uni\y3\cg\- assign 1\stuff for submission 1\assignment1-2021\template\raacamera\x64\debug\raacamera.obj
c:\--mine\my files\uni\y3\cg\- assign 1\stuff for submission 1\travis_jack\template\raacamera\x64\debug\raacamerad.pch
c:\--mine\my files\uni\y3\cg\- assign 1\stuff for submission 1\travis_jack\template\x64\debug\raacamerad.pdb
c:\--mine\my files\uni\y3\cg\- assign 1\stuff for submission 1\travis_jack\template\x64\debug\raacamerad.idb
c:\--mine\my files\uni\y3\cg\- assign 1\stuff for submission 1\travis_jack\template\raacamera\x64\debug\stdafx.obj
c:\--mine\my files\uni\y3\cg\- assign 1\stuff for submission 1\travis_jack\template\raacamera\x64\debug\raacamera.obj
c:\--mine\my files\uni\y3\cg\- assign 1\data\assignment1-2021\assignment1-2021\template\x64\debug\raacamerad.lib
c:\--mine\my files\uni\y3\cg\- assign 1\stuff for submission 1\assignment1-2021\template\x64\debug\raacamerad.lib
c:\--mine\my files\uni\y3\cg\- assign 1\stuff for submission 1\travis_jack\template\x64\debug\raacamerad.lib
c:\--mine\my files\uni\y3\cg\- assign 1\stuff for submission 1\travis_jack\template\raacamera\x64\debug\raacamera.tlog\cl.command.1.tlog
c:\--mine\my files\uni\y3\cg\- assign 1\stuff for submission 1\travis_jack\template\raacamera\x64\debug\raacamera.tlog\cl.read.1.tlog
c:\--mine\my files\uni\y3\cg\- assign 1\stuff for submission 1\travis_jack\template\raacamera\x64\debug\raacamera.tlog\cl.write.1.tlog
c:\--mine\my files\uni\y3\cg\- assign 1\stuff for submission 1\travis_jack\template\raacamera\x64\debug\raacamera.tlog\lib-link.read.1.tlog
c:\--mine\my files\uni\y3\cg\- assign 1\stuff for submission 1\travis_jack\template\raacamera\x64\debug\raacamera.tlog\lib-link.write.1.tlog
c:\--mine\my files\uni\y3\cg\- assign 1\stuff for submission 1\travis_jack\template\raacamera\x64\debug\raacamera.tlog\lib.command.1.tlog
