c:\--mine\my files\uni\y3\cg\- assign 1\data\assignment1-2021\assignment1-2021\template\raacomputergraphicsassignment1\debug\vc142.pdb
c:\--mine\my files\uni\y3\cg\- assign 1\data\assignment1-2021\assignment1-2021\template\raacomputergraphicsassignment1\debug\vc142.idb
c:\--mine\my files\uni\y3\cg\- assign 1\data\assignment1-2021\assignment1-2021\template\raacomputergraphicsassignment1\debug\raaparse.obj
c:\--mine\my files\uni\y3\cg\- assign 1\data\assignment1-2021\assignment1-2021\template\raacomputergraphicsassignment1\debug\raacontrol.obj
c:\--mine\my files\uni\y3\cg\- assign 1\data\assignment1-2021\assignment1-2021\template\raacomputergraphicsassignment1\debug\raaconstants.obj
c:\--mine\my files\uni\y3\cg\- assign 1\data\assignment1-2021\assignment1-2021\template\raacomputergraphicsassignment1\debug\raacomputergraphicsassignment1.obj
c:\--mine\my files\uni\y3\cg\- assign 1\stuff for submission 1\assignment1-2021\template\raacomputergraphicsassignment1\debug\vc142.pdb
c:\--mine\my files\uni\y3\cg\- assign 1\stuff for submission 1\assignment1-2021\template\raacomputergraphicsassignment1\debug\vc142.idb
c:\--mine\my files\uni\y3\cg\- assign 1\stuff for submission 1\assignment1-2021\template\raacomputergraphicsassignment1\debug\raaparse.obj
c:\--mine\my files\uni\y3\cg\- assign 1\stuff for submission 1\assignment1-2021\template\raacomputergraphicsassignment1\debug\raacontrol.obj
c:\--mine\my files\uni\y3\cg\- assign 1\stuff for submission 1\assignment1-2021\template\raacomputergraphicsassignment1\debug\raaconstants.obj
c:\--mine\my files\uni\y3\cg\- assign 1\stuff for submission 1\assignment1-2021\template\raacomputergraphicsassignment1\debug\raacomputergraphicsassignment1.obj
c:\--mine\my files\uni\y3\cg\- assign 1\stuff for submission 1\travis_jack\template\raacomputergraphicsassignment1\debug\vc142.pdb
c:\--mine\my files\uni\y3\cg\- assign 1\stuff for submission 1\travis_jack\template\raacomputergraphicsassignment1\debug\vc142.idb
c:\--mine\my files\uni\y3\cg\- assign 1\stuff for submission 1\travis_jack\template\raacomputergraphicsassignment1\debug\raaparse.obj
c:\--mine\my files\uni\y3\cg\- assign 1\stuff for submission 1\travis_jack\template\raacomputergraphicsassignment1\debug\raacontrol.obj
c:\--mine\my files\uni\y3\cg\- assign 1\stuff for submission 1\travis_jack\template\raacomputergraphicsassignment1\debug\raaconstants.obj
c:\--mine\my files\uni\y3\cg\- assign 1\stuff for submission 1\travis_jack\template\raacomputergraphicsassignment1\debug\raacomputergraphicsassignment1.obj
c:\--mine\my files\uni\y3\cg\- assign 1\data\assignment1-2021\assignment1-2021\template\raacomputergraphicsassignment1\debug\cg-2017assignmentd.ilk
c:\--mine\my files\uni\y3\cg\- assign 1\data\assignment1-2021\assignment1-2021\template\raacomputergraphicsassignment1\debug\cg-2017assignmentd.exe
c:\--mine\my files\uni\y3\cg\- assign 1\data\assignment1-2021\assignment1-2021\template\raacomputergraphicsassignment1\debug\cg-2017assignmentd.pdb
c:\--mine\my files\uni\y3\cg\- assign 1\stuff for submission 1\assignment1-2021\template\raacomputergraphicsassignment1\debug\cg-2017assignmentd.exe
c:\--mine\my files\uni\y3\cg\- assign 1\stuff for submission 1\assignment1-2021\template\raacomputergraphicsassignment1\debug\cg-2017assignmentd.ilk
c:\--mine\my files\uni\y3\cg\- assign 1\stuff for submission 1\assignment1-2021\template\raacomputergraphicsassignment1\debug\cg-2017assignmentd.pdb
c:\--mine\my files\uni\y3\cg\- assign 1\stuff for submission 1\travis_jack\template\raacomputergraphicsassignment1\debug\cg-2017assignmentd.exe
c:\--mine\my files\uni\y3\cg\- assign 1\stuff for submission 1\travis_jack\template\raacomputergraphicsassignment1\debug\cg-2017assignmentd.ilk
c:\--mine\my files\uni\y3\cg\- assign 1\stuff for submission 1\travis_jack\template\raacomputergraphicsassignment1\debug\cg-2017assignmentd.pdb
c:\--mine\my files\uni\y3\cg\- assign 1\stuff for submission 1\travis_jack\template\raacomputergraphicsassignment1\debug\raacompu.79685ec8.tlog\cl.command.1.tlog
c:\--mine\my files\uni\y3\cg\- assign 1\stuff for submission 1\travis_jack\template\raacomputergraphicsassignment1\debug\raacompu.79685ec8.tlog\cl.read.1.tlog
c:\--mine\my files\uni\y3\cg\- assign 1\stuff for submission 1\travis_jack\template\raacomputergraphicsassignment1\debug\raacompu.79685ec8.tlog\cl.write.1.tlog
c:\--mine\my files\uni\y3\cg\- assign 1\stuff for submission 1\travis_jack\template\raacomputergraphicsassignment1\debug\raacompu.79685ec8.tlog\link.command.1.tlog
c:\--mine\my files\uni\y3\cg\- assign 1\stuff for submission 1\travis_jack\template\raacomputergraphicsassignment1\debug\raacompu.79685ec8.tlog\link.read.1.tlog
c:\--mine\my files\uni\y3\cg\- assign 1\stuff for submission 1\travis_jack\template\raacomputergraphicsassignment1\debug\raacompu.79685ec8.tlog\link.write.1.tlog
