c:\--mine\my files\uni\y3\cg\- assign 1\data\assignment1-2021\assignment1-2021\template\raalinkedlist\x64\debug\raalinkedlistd.pch
c:\--mine\my files\uni\y3\cg\- assign 1\data\assignment1-2021\assignment1-2021\template\x64\debug\raalinkedlistd.pdb
c:\--mine\my files\uni\y3\cg\- assign 1\data\assignment1-2021\assignment1-2021\template\x64\debug\raalinkedlistd.idb
c:\--mine\my files\uni\y3\cg\- assign 1\data\assignment1-2021\assignment1-2021\template\raalinkedlist\x64\debug\stdafx.obj
c:\--mine\my files\uni\y3\cg\- assign 1\data\assignment1-2021\assignment1-2021\template\raalinkedlist\x64\debug\raalinkedlist.obj
c:\--mine\my files\uni\y3\cg\- assign 1\stuff for submission 1\assignment1-2021\template\raalinkedlist\x64\debug\raalinkedlistd.pch
c:\--mine\my files\uni\y3\cg\- assign 1\stuff for submission 1\assignment1-2021\template\x64\debug\raalinkedlistd.pdb
c:\--mine\my files\uni\y3\cg\- assign 1\stuff for submission 1\assignment1-2021\template\x64\debug\raalinkedlistd.idb
c:\--mine\my files\uni\y3\cg\- assign 1\stuff for submission 1\assignment1-2021\template\raalinkedlist\x64\debug\stdafx.obj
c:\--mine\my files\uni\y3\cg\- assign 1\stuff for submission 1\assignment1-2021\template\raalinkedlist\x64\debug\raalinkedlist.obj
c:\--mine\my files\uni\y3\cg\- assign 1\stuff for submission 1\travis_jack\template\raalinkedlist\x64\debug\raalinkedlistd.pch
c:\--mine\my files\uni\y3\cg\- assign 1\stuff for submission 1\travis_jack\template\x64\debug\raalinkedlistd.pdb
c:\--mine\my files\uni\y3\cg\- assign 1\stuff for submission 1\travis_jack\template\x64\debug\raalinkedlistd.idb
c:\--mine\my files\uni\y3\cg\- assign 1\stuff for submission 1\travis_jack\template\raalinkedlist\x64\debug\stdafx.obj
c:\--mine\my files\uni\y3\cg\- assign 1\stuff for submission 1\travis_jack\template\raalinkedlist\x64\debug\raalinkedlist.obj
c:\--mine\my files\uni\y3\cg\- assign 1\data\assignment1-2021\assignment1-2021\template\x64\debug\raalinkedlistd.lib
c:\--mine\my files\uni\y3\cg\- assign 1\stuff for submission 1\assignment1-2021\template\x64\debug\raalinkedlistd.lib
c:\--mine\my files\uni\y3\cg\- assign 1\stuff for submission 1\travis_jack\template\x64\debug\raalinkedlistd.lib
c:\--mine\my files\uni\y3\cg\- assign 1\stuff for submission 1\travis_jack\template\raalinkedlist\x64\debug\raalinkedlist.tlog\cl.command.1.tlog
c:\--mine\my files\uni\y3\cg\- assign 1\stuff for submission 1\travis_jack\template\raalinkedlist\x64\debug\raalinkedlist.tlog\cl.read.1.tlog
c:\--mine\my files\uni\y3\cg\- assign 1\stuff for submission 1\travis_jack\template\raalinkedlist\x64\debug\raalinkedlist.tlog\cl.write.1.tlog
c:\--mine\my files\uni\y3\cg\- assign 1\stuff for submission 1\travis_jack\template\raalinkedlist\x64\debug\raalinkedlist.tlog\lib-link.read.1.tlog
c:\--mine\my files\uni\y3\cg\- assign 1\stuff for submission 1\travis_jack\template\raalinkedlist\x64\debug\raalinkedlist.tlog\lib-link.write.1.tlog
c:\--mine\my files\uni\y3\cg\- assign 1\stuff for submission 1\travis_jack\template\raalinkedlist\x64\debug\raalinkedlist.tlog\lib.command.1.tlog
