c:\--mine\my files\uni\y3\cg\- assign 1\data\assignment1-2021\assignment1-2021\template\raapajparser\x64\debug\raapajparserd.pch
c:\--mine\my files\uni\y3\cg\- assign 1\data\assignment1-2021\assignment1-2021\template\x64\debug\raapajparserd.pdb
c:\--mine\my files\uni\y3\cg\- assign 1\data\assignment1-2021\assignment1-2021\template\x64\debug\raapajparserd.idb
c:\--mine\my files\uni\y3\cg\- assign 1\data\assignment1-2021\assignment1-2021\template\raapajparser\x64\debug\stdafx.obj
c:\--mine\my files\uni\y3\cg\- assign 1\data\assignment1-2021\assignment1-2021\template\raapajparser\x64\debug\raapajparser.obj
c:\--mine\my files\uni\y3\cg\- assign 1\stuff for submission 1\assignment1-2021\template\raapajparser\x64\debug\raapajparserd.pch
c:\--mine\my files\uni\y3\cg\- assign 1\stuff for submission 1\assignment1-2021\template\x64\debug\raapajparserd.pdb
c:\--mine\my files\uni\y3\cg\- assign 1\stuff for submission 1\assignment1-2021\template\x64\debug\raapajparserd.idb
c:\--mine\my files\uni\y3\cg\- assign 1\stuff for submission 1\assignment1-2021\template\raapajparser\x64\debug\stdafx.obj
c:\--mine\my files\uni\y3\cg\- assign 1\stuff for submission 1\assignment1-2021\template\raapajparser\x64\debug\raapajparser.obj
c:\--mine\my files\uni\y3\cg\- assign 1\stuff for submission 1\travis_jack\template\raapajparser\x64\debug\raapajparserd.pch
c:\--mine\my files\uni\y3\cg\- assign 1\stuff for submission 1\travis_jack\template\x64\debug\raapajparserd.pdb
c:\--mine\my files\uni\y3\cg\- assign 1\stuff for submission 1\travis_jack\template\x64\debug\raapajparserd.idb
c:\--mine\my files\uni\y3\cg\- assign 1\stuff for submission 1\travis_jack\template\raapajparser\x64\debug\stdafx.obj
c:\--mine\my files\uni\y3\cg\- assign 1\stuff for submission 1\travis_jack\template\raapajparser\x64\debug\raapajparser.obj
c:\--mine\my files\uni\y3\cg\- assign 1\data\assignment1-2021\assignment1-2021\template\x64\debug\raapajparserd.lib
c:\--mine\my files\uni\y3\cg\- assign 1\stuff for submission 1\assignment1-2021\template\x64\debug\raapajparserd.lib
c:\--mine\my files\uni\y3\cg\- assign 1\stuff for submission 1\travis_jack\template\x64\debug\raapajparserd.lib
c:\--mine\my files\uni\y3\cg\- assign 1\stuff for submission 1\travis_jack\template\raapajparser\x64\debug\raapajparser.tlog\cl.command.1.tlog
c:\--mine\my files\uni\y3\cg\- assign 1\stuff for submission 1\travis_jack\template\raapajparser\x64\debug\raapajparser.tlog\cl.read.1.tlog
c:\--mine\my files\uni\y3\cg\- assign 1\stuff for submission 1\travis_jack\template\raapajparser\x64\debug\raapajparser.tlog\cl.write.1.tlog
c:\--mine\my files\uni\y3\cg\- assign 1\stuff for submission 1\travis_jack\template\raapajparser\x64\debug\raapajparser.tlog\lib-link.read.1.tlog
c:\--mine\my files\uni\y3\cg\- assign 1\stuff for submission 1\travis_jack\template\raapajparser\x64\debug\raapajparser.tlog\lib-link.write.1.tlog
c:\--mine\my files\uni\y3\cg\- assign 1\stuff for submission 1\travis_jack\template\raapajparser\x64\debug\raapajparser.tlog\lib.command.1.tlog
